2023.07.10 21:56:40 INFO  Started: Metals version 0.11.12 in workspace 'C:\Users\Thamara Lakshan\Documents\scala lab 5' for client Visual Studio Code 1.79.2.
Jul 10, 2023 9:56:40 PM org.flywaydb.core.internal.license.VersionPrinter printVersionOnly
INFO: Flyway Community Edition 9.16.3 by Redgate
Jul 10, 2023 9:56:40 PM org.flywaydb.core.internal.license.VersionPrinter printVersion
INFO: See release notes here: https://rd.gt/416ObMi
Jul 10, 2023 9:56:40 PM org.flywaydb.core.internal.license.VersionPrinter printVersion
INFO: 
Jul 10, 2023 9:56:41 PM org.flywaydb.core.internal.database.base.BaseDatabaseType createDatabase
INFO: Database: jdbc:h2:file:C:\Users\Thamara Lakshan\Documents\scala lab 5\.metals\metals (H2 2.1)
Jul 10, 2023 9:56:41 PM org.flywaydb.core.internal.schemahistory.JdbcTableSchemaHistory allAppliedMigrations
INFO: Schema history table "PUBLIC"."flyway_schema_history" does not exist yet
Jul 10, 2023 9:56:41 PM org.flywaydb.core.internal.command.DbValidate validate
INFO: Successfully validated 4 migrations (execution time 00:00.041s)
Jul 10, 2023 9:56:41 PM org.flywaydb.core.internal.schemahistory.JdbcTableSchemaHistory create
INFO: Creating Schema History table "PUBLIC"."flyway_schema_history" ...
Jul 10, 2023 9:56:41 PM org.flywaydb.core.internal.command.DbMigrate migrateGroup
INFO: Current version of schema "PUBLIC": << Empty Schema >>
Jul 10, 2023 9:56:41 PM org.flywaydb.core.internal.command.DbMigrate doMigrateGroup
INFO: Migrating schema "PUBLIC" to version "1 - Create tables"
Jul 10, 2023 9:56:41 PM org.flywaydb.core.internal.command.DbMigrate doMigrateGroup
INFO: Migrating schema "PUBLIC" to version "2 - Server discovery"
Jul 10, 2023 9:56:41 PM org.flywaydb.core.internal.command.DbMigrate doMigrateGroup
INFO: Migrating schema "PUBLIC" to version "3 - Jar symbols"
Jul 10, 2023 9:56:41 PM org.flywaydb.core.internal.command.DbMigrate doMigrateGroup
INFO: Migrating schema "PUBLIC" to version "4 - Fingerprints"
Jul 10, 2023 9:56:41 PM org.flywaydb.core.internal.command.DbMigrate logSummary
INFO: Successfully applied 4 migrations to schema "PUBLIC", now at version v4 (execution time 00:00.087s)
2023.07.10 21:56:41 INFO  time: initialize in 0.92s
2023.07.10 21:56:43 WARN  Build server is not auto-connectable.
2023.07.10 21:56:43 WARN  no build tool detected in workspace 'C:\Users\Thamara Lakshan\Documents\scala lab 5'. The most common cause for this problem is that the editor was opened in the wrong working directory, for example if you use sbt then the workspace directory should contain build.sbt. 
2023.07.10 21:56:43 WARN  no build target for: C:\Users\Thamara Lakshan\Documents\scala lab 5\q1.scala
2023.07.10 21:56:50 INFO  no build target found for C:\Users\Thamara Lakshan\Documents\scala lab 5\q1.scala. Using presentation compiler with project's scala-library version: 3.2.2
2023.07.10 21:56:52 INFO  time: code lens generation in 7.38s
2023.07.10 22:06:17 WARN  no build target for: C:\Users\Thamara Lakshan\Documents\scala lab 5\q1.scala
2023.07.10 22:06:19 WARN  no build target for: C:\Users\Thamara Lakshan\Documents\scala lab 5\q1.scala
2023.07.10 22:06:21 WARN  no build target for: C:\Users\Thamara Lakshan\Documents\scala lab 5\q1.scala
2023.07.10 22:06:23 WARN  no build target for: C:\Users\Thamara Lakshan\Documents\scala lab 5\q1.scala
2023.07.10 22:06:25 WARN  no build target for: C:\Users\Thamara Lakshan\Documents\scala lab 5\q1.scala
2023.07.10 22:06:26 WARN  no build target for: C:\Users\Thamara Lakshan\Documents\scala lab 5\q1.scala
2023.07.10 22:07:26 WARN  no build target for: C:\Users\Thamara Lakshan\Documents\scala lab 5\q1.scala
2023.07.10 22:07:26 WARN  no build target for: C:\Users\Thamara Lakshan\Documents\scala lab 5\q1.scala
2023.07.10 22:07:46 WARN  no build target for: C:\Users\Thamara Lakshan\Documents\scala lab 5\q1.scala
2023.07.10 22:07:48 WARN  no build target for: C:\Users\Thamara Lakshan\Documents\scala lab 5\q1.scala
Jul 10, 2023 10:19:17 PM scala.meta.internal.pc.CompilerAccess handleError
SEVERE: NoDenotation.owner
java.lang.AssertionError: NoDenotation.owner
	at dotty.tools.dotc.core.SymDenotations$NoDenotation$.owner(SymDenotations.scala:2511)
	at scala.meta.internal.pc.MetalsInteractive$.enclosingSymbolsWithExpressionType(MetalsInteractive.scala:261)
	at scala.meta.internal.pc.HoverProvider$.hover(HoverProvider.scala:98)

2023.07.11 08:09:49 INFO  Started: Metals version 0.11.12 in workspace 'C:\Users\Thamara Lakshan\Documents\scala lab 5' for client Visual Studio Code 1.79.2.
Jul 11, 2023 8:09:49 AM org.flywaydb.core.internal.license.VersionPrinter printVersionOnly
INFO: Flyway Community Edition 9.16.3 by Redgate
Jul 11, 2023 8:09:49 AM org.flywaydb.core.internal.license.VersionPrinter printVersion
INFO: See release notes here: https://rd.gt/416ObMi
Jul 11, 2023 8:09:49 AM org.flywaydb.core.internal.license.VersionPrinter printVersion
INFO: 
Jul 11, 2023 8:09:53 AM org.flywaydb.core.internal.database.base.BaseDatabaseType createDatabase
INFO: Database: jdbc:h2:file:C:\Users\Thamara Lakshan\Documents\scala lab 5\.metals\metals (H2 2.1)
Jul 11, 2023 8:09:53 AM org.flywaydb.core.internal.command.DbValidate validate
INFO: Successfully validated 4 migrations (execution time 00:00.055s)
Jul 11, 2023 8:09:53 AM org.flywaydb.core.internal.command.DbMigrate migrateGroup
INFO: Current version of schema "PUBLIC": 4
Jul 11, 2023 8:09:53 AM org.flywaydb.core.internal.command.DbMigrate logSummary
INFO: Schema "PUBLIC" is up to date. No migration necessary.
2023.07.11 08:09:53 INFO  time: initialize in 4.34s
2023.07.11 08:09:56 WARN  Build server is not auto-connectable.
2023.07.11 08:09:56 WARN  no build tool detected in workspace 'C:\Users\Thamara Lakshan\Documents\scala lab 5'. The most common cause for this problem is that the editor was opened in the wrong working directory, for example if you use sbt then the workspace directory should contain build.sbt. 
2023.07.11 08:09:56 WARN  no build target for: C:\Users\Thamara Lakshan\Documents\scala lab 5\q1.scala
2023.07.11 08:09:56 WARN  no build target for: C:\Users\Thamara Lakshan\Documents\scala lab 5\Scala5\Question01.scala
2023.07.11 08:10:01 INFO  no build target found for C:\Users\Thamara Lakshan\Documents\scala lab 5\Scala5\Question01.scala. Using presentation compiler with project's scala-library version: 3.2.2
2023.07.11 08:10:04 INFO  time: code lens generation in 6.79s
2023.07.11 08:18:16 WARN  no build target for: C:\Users\Thamara Lakshan\Documents\scala lab 5\q1.scala
2023.07.11 08:18:16 WARN  no build target for: C:\Users\Thamara Lakshan\Documents\scala lab 5\q1.scala
2023.07.11 08:18:17 WARN  no build target for: C:\Users\Thamara Lakshan\Documents\scala lab 5\q1.scala
2023.07.11 08:18:39 WARN  no build target for: C:\Users\Thamara Lakshan\Documents\scala lab 5\q1.scala
2023.07.11 08:18:40 WARN  no build target for: C:\Users\Thamara Lakshan\Documents\scala lab 5\q1.scala
2023.07.11 08:19:45 WARN  no build target for: C:\Users\Thamara Lakshan\Documents\scala lab 5\q1.scala
2023.07.11 08:19:47 WARN  no build target for: C:\Users\Thamara Lakshan\Documents\scala lab 5\q1.scala
2023.07.11 08:20:02 WARN  no build target for: C:\Users\Thamara Lakshan\Documents\scala lab 5\q1.scala
2023.07.11 08:20:21 WARN  no build target for: C:\Users\Thamara Lakshan\Documents\scala lab 5\q1.scala
2023.07.11 08:20:41 WARN  no build target for: C:\Users\Thamara Lakshan\Documents\scala lab 5\q1.scala
2023.07.11 08:20:41 WARN  no build target for: C:\Users\Thamara Lakshan\Documents\scala lab 5\q1.scala
2023.07.11 08:26:07 WARN  no build target for: C:\Users\Thamara Lakshan\Documents\scala lab 5\Scala5\Question02.scala
2023.07.11 08:27:01 WARN  no build target for: C:\Users\Thamara Lakshan\Documents\scala lab 5\q2.scala
2023.07.11 08:28:51 WARN  no build target for: C:\Users\Thamara Lakshan\Documents\scala lab 5\q2.scala
2023.07.11 08:28:51 WARN  no build target for: C:\Users\Thamara Lakshan\Documents\scala lab 5\q2.scala
2023.07.11 08:28:52 WARN  no build target for: C:\Users\Thamara Lakshan\Documents\scala lab 5\q2.scala
2023.07.11 08:28:55 WARN  no build target for: C:\Users\Thamara Lakshan\Documents\scala lab 5\q2.scala
2023.07.11 08:28:55 WARN  no build target for: C:\Users\Thamara Lakshan\Documents\scala lab 5\q2.scala
2023.07.11 08:28:57 WARN  no build target for: C:\Users\Thamara Lakshan\Documents\scala lab 5\q2.scala
2023.07.11 08:29:26 WARN  no build target for: C:\Users\Thamara Lakshan\Documents\scala lab 5\q2.scala
2023.07.11 08:29:31 WARN  no build target for: C:\Users\Thamara Lakshan\Documents\scala lab 5\q2.scala
Jul 11, 2023 8:29:57 AM scala.meta.internal.pc.CompilerAccess handleError
SEVERE: Toplevel definition gcd is defined in
  C:/Users/Thamara Lakshan/Documents/scala lab 5/Scala5/Question01.scala
and also in
  C:/Users/Thamara Lakshan/Documents/scala lab 5/Scala5/Question02.scala
One of these files should be removed from the classpath.
dotty.tools.dotc.core.TypeError: Toplevel definition gcd is defined in
  C:/Users/Thamara Lakshan/Documents/scala lab 5/Scala5/Question01.scala
and also in
  C:/Users/Thamara Lakshan/Documents/scala lab 5/Scala5/Question02.scala
One of these files should be removed from the classpath.
	at dotty.tools.dotc.core.SymDenotations$PackageClassDenotation.dropStale$1(SymDenotations.scala:2447)
	at dotty.tools.dotc.core.SymDenotations$PackageClassDenotation.recur$5(SymDenotations.scala:2411)
	at dotty.tools.dotc.core.SymDenotations$PackageClassDenotation.computeMembersNamed(SymDenotations.scala:2467)
	at dotty.tools.dotc.core.SymDenotations$ClassDenotation.membersNamed(SymDenotations.scala:2023)
	at dotty.tools.dotc.core.SymDenotations$ClassDenotation.findMember(SymDenotations.scala:2074)
	at dotty.tools.dotc.core.Types$Type.go$1(Types.scala:686)
	at dotty.tools.dotc.core.Types$Type.goThis$1(Types.scala:811)
	at dotty.tools.dotc.core.Types$Type.go$1(Types.scala:703)
	at dotty.tools.dotc.core.Types$Type.findMember(Types.scala:879)
	at dotty.tools.dotc.core.Types$Type.memberBasedOnFlags(Types.scala:669)
	at dotty.tools.dotc.core.Types$Type.member(Types.scala:653)
	at dotty.tools.dotc.core.Types$Type.allMembers$$anonfun$1(Types.scala:1020)
	at scala.runtime.function.JProcedure2.apply(JProcedure2.java:15)
	at scala.runtime.function.JProcedure2.apply(JProcedure2.java:10)
	at dotty.tools.dotc.core.Types$Type.memberDenots$$anonfun$1(Types.scala:925)
	at scala.runtime.function.JProcedure1.apply(JProcedure1.java:15)
	at scala.runtime.function.JProcedure1.apply(JProcedure1.java:10)
	at scala.collection.immutable.BitmapIndexedSetNode.foreach(HashSet.scala:937)
	at scala.collection.immutable.HashSet.foreach(HashSet.scala:944)
	at dotty.tools.dotc.core.Types$Type.memberDenots(Types.scala:925)
	at dotty.tools.dotc.core.Types$Type.allMembers(Types.scala:1020)
	at scala.meta.internal.pc.IndexedContext$.accesibleMembers$1(IndexedContext.scala:149)
	at scala.meta.internal.pc.IndexedContext$.scala$meta$internal$pc$IndexedContext$$$extractNames(IndexedContext.scala:207)
	at scala.meta.internal.pc.IndexedContext$LazyWrapper.<init>(IndexedContext.scala:99)
	at scala.meta.internal.pc.IndexedContext$.apply(IndexedContext.scala:87)
	at scala.meta.internal.pc.IndexedContext$LazyWrapper.<init>(IndexedContext.scala:98)
	at scala.meta.internal.pc.IndexedContext$.apply(IndexedContext.scala:87)
	at scala.meta.internal.pc.IndexedContext$LazyWrapper.<init>(IndexedContext.scala:98)
	at scala.meta.internal.pc.IndexedContext$.apply(IndexedContext.scala:87)
	at scala.meta.internal.pc.IndexedContext$LazyWrapper.<init>(IndexedContext.scala:98)
	at scala.meta.internal.pc.IndexedContext$.apply(IndexedContext.scala:87)
	at scala.meta.internal.pc.IndexedContext$LazyWrapper.<init>(IndexedContext.scala:98)
	at scala.meta.internal.pc.IndexedContext$.apply(IndexedContext.scala:87)
	at scala.meta.internal.pc.IndexedContext$LazyWrapper.<init>(IndexedContext.scala:98)
	at scala.meta.internal.pc.IndexedContext$.apply(IndexedContext.scala:87)
	at scala.meta.internal.pc.completions.CompletionProvider.completions(CompletionProvider.scala:62)

2023.07.11 08:29:58 WARN  no build target for: C:\Users\Thamara Lakshan\Documents\scala lab 5\q2.scala
2023.07.11 08:30:00 WARN  no build target for: C:\Users\Thamara Lakshan\Documents\scala lab 5\q2.scala
2023.07.11 08:32:28 WARN  no build target for: C:\Users\Thamara Lakshan\Documents\scala lab 5\Scala5\Question03.scala
2023.07.11 08:32:54 WARN  no build target for: C:\Users\Thamara Lakshan\Documents\scala lab 5\q3.scala
2023.07.11 08:32:59 WARN  no build target for: C:\Users\Thamara Lakshan\Documents\scala lab 5\q3.scala
2023.07.11 08:32:59 WARN  no build target for: C:\Users\Thamara Lakshan\Documents\scala lab 5\q3.scala
2023.07.11 08:32:59 WARN  no build target for: C:\Users\Thamara Lakshan\Documents\scala lab 5\q3.scala
2023.07.11 08:33:01 WARN  no build target for: C:\Users\Thamara Lakshan\Documents\scala lab 5\q3.scala
2023.07.11 08:33:01 WARN  no build target for: C:\Users\Thamara Lakshan\Documents\scala lab 5\q3.scala
2023.07.11 08:33:04 WARN  no build target for: C:\Users\Thamara Lakshan\Documents\scala lab 5\q3.scala
2023.07.11 08:33:10 WARN  no build target for: C:\Users\Thamara Lakshan\Documents\scala lab 5\q3.scala
2023.07.11 08:35:29 WARN  no build target for: C:\Users\Thamara Lakshan\Documents\scala lab 5\Scala5\Question04.scala
2023.07.11 08:37:05 WARN  no build target for: C:\Users\Thamara Lakshan\Documents\scala lab 5\Scala5\Question04.scala
2023.07.11 08:37:05 WARN  no build target for: C:\Users\Thamara Lakshan\Documents\scala lab 5\Scala5\Question04.scala
2023.07.11 08:37:22 WARN  no build target for: C:\Users\Thamara Lakshan\Documents\scala lab 5\q4.scala
2023.07.11 08:37:24 WARN  no build target for: C:\Users\Thamara Lakshan\Documents\scala lab 5\q4.scala
2023.07.11 08:37:25 WARN  no build target for: C:\Users\Thamara Lakshan\Documents\scala lab 5\q4.scala
2023.07.11 08:37:25 WARN  no build target for: C:\Users\Thamara Lakshan\Documents\scala lab 5\q4.scala
2023.07.11 08:37:27 WARN  no build target for: C:\Users\Thamara Lakshan\Documents\scala lab 5\q4.scala
2023.07.11 08:37:27 WARN  no build target for: C:\Users\Thamara Lakshan\Documents\scala lab 5\q4.scala
2023.07.11 08:37:27 WARN  no build target for: C:\Users\Thamara Lakshan\Documents\scala lab 5\q4.scala
2023.07.11 08:38:22 WARN  no build target for: C:\Users\Thamara Lakshan\Documents\scala lab 5\Scala5\Question05.scala
2023.07.11 08:38:57 WARN  no build target for: C:\Users\Thamara Lakshan\Documents\scala lab 5\Scala5\Question01.scala
2023.07.11 08:39:26 WARN  no build target for: C:\Users\Thamara Lakshan\Documents\scala lab 5\Scala5\Question05.scala
2023.07.11 08:39:44 WARN  no build target for: C:\Users\Thamara Lakshan\Documents\scala lab 5\q5.scala
2023.07.11 08:40:18 WARN  no build target for: C:\Users\Thamara Lakshan\Documents\scala lab 5\q3.scala
2023.07.11 08:40:22 WARN  no build target for: C:\Users\Thamara Lakshan\Documents\scala lab 5\q3.scala
2023.07.11 08:40:35 WARN  no build target for: C:\Users\Thamara Lakshan\Documents\scala lab 5\q4.scala
2023.07.11 08:40:41 WARN  no build target for: C:\Users\Thamara Lakshan\Documents\scala lab 5\q5.scala
2023.07.11 08:40:41 WARN  no build target for: C:\Users\Thamara Lakshan\Documents\scala lab 5\q5.scala
2023.07.11 08:40:42 WARN  no build target for: C:\Users\Thamara Lakshan\Documents\scala lab 5\q5.scala
2023.07.11 08:40:44 WARN  no build target for: C:\Users\Thamara Lakshan\Documents\scala lab 5\q5.scala
2023.07.11 08:41:01 WARN  no build target for: C:\Users\Thamara Lakshan\Documents\scala lab 5\q5.scala
2023.07.11 08:41:02 WARN  no build target for: C:\Users\Thamara Lakshan\Documents\scala lab 5\q5.scala
2023.07.11 08:43:09 WARN  no build target for: C:\Users\Thamara Lakshan\Documents\scala lab 5\Scala5\Question06.scala
2023.07.11 08:43:52 WARN  no build target for: C:\Users\Thamara Lakshan\Documents\scala lab 5\Scala5\Question05.scala
2023.07.11 08:43:55 WARN  no build target for: C:\Users\Thamara Lakshan\Documents\scala lab 5\Scala5\Question06.scala
2023.07.11 08:44:41 WARN  no build target for: C:\Users\Thamara Lakshan\Documents\scala lab 5\q6.scala
Jul 11, 2023 8:44:54 AM scala.meta.internal.pc.CompilerAccess handleError
SEVERE: Toplevel definition isPrime is defined in
  C:/Users/Thamara Lakshan/Documents/scala lab 5/Scala5/Question01.scala
and also in
  C:/Users/Thamara Lakshan/Documents/scala lab 5/q2.scala
One of these files should be removed from the classpath.
dotty.tools.dotc.core.TypeError: Toplevel definition isPrime is defined in
  C:/Users/Thamara Lakshan/Documents/scala lab 5/Scala5/Question01.scala
and also in
  C:/Users/Thamara Lakshan/Documents/scala lab 5/q2.scala
One of these files should be removed from the classpath.
	at dotty.tools.dotc.core.SymDenotations$PackageClassDenotation.dropStale$1(SymDenotations.scala:2447)
	at dotty.tools.dotc.core.SymDenotations$PackageClassDenotation.recur$5(SymDenotations.scala:2411)
	at dotty.tools.dotc.core.SymDenotations$PackageClassDenotation.computeMembersNamed(SymDenotations.scala:2467)
	at dotty.tools.dotc.core.SymDenotations$ClassDenotation.membersNamed(SymDenotations.scala:2023)
	at dotty.tools.dotc.core.SymDenotations$ClassDenotation.findMember(SymDenotations.scala:2074)
	at dotty.tools.dotc.core.Types$Type.go$1(Types.scala:686)
	at dotty.tools.dotc.core.Types$Type.goThis$1(Types.scala:811)
	at dotty.tools.dotc.core.Types$Type.go$1(Types.scala:703)
	at dotty.tools.dotc.core.Types$Type.findMember(Types.scala:879)
	at dotty.tools.dotc.core.Types$Type.memberBasedOnFlags(Types.scala:669)
	at dotty.tools.dotc.core.Types$Type.member(Types.scala:653)
	at dotty.tools.dotc.core.Types$Type.allMembers$$anonfun$1(Types.scala:1020)
	at scala.runtime.function.JProcedure2.apply(JProcedure2.java:15)
	at scala.runtime.function.JProcedure2.apply(JProcedure2.java:10)
	at dotty.tools.dotc.core.Types$Type.memberDenots$$anonfun$1(Types.scala:925)
	at scala.runtime.function.JProcedure1.apply(JProcedure1.java:15)
	at scala.runtime.function.JProcedure1.apply(JProcedure1.java:10)
	at scala.collection.immutable.HashSet.foreach(HashSet.scala:937)
	at dotty.tools.dotc.core.Types$Type.memberDenots(Types.scala:925)
	at dotty.tools.dotc.core.Types$Type.allMembers(Types.scala:1020)
	at scala.meta.internal.pc.IndexedContext$.accesibleMembers$1(IndexedContext.scala:149)
	at scala.meta.internal.pc.IndexedContext$.scala$meta$internal$pc$IndexedContext$$$extractNames(IndexedContext.scala:207)
	at scala.meta.internal.pc.IndexedContext$LazyWrapper.<init>(IndexedContext.scala:99)
	at scala.meta.internal.pc.IndexedContext$.apply(IndexedContext.scala:87)
	at scala.meta.internal.pc.PcDefinitionProvider.definitions(PcDefinitionProvider.scala:53)
	at scala.meta.internal.pc.PcDefinitionProvider.definitions(PcDefinitionProvider.scala:33)

2023.07.11 08:44:57 WARN  no build target for: C:\Users\Thamara Lakshan\Documents\scala lab 5\q6.scala
2023.07.11 08:44:57 WARN  no build target for: C:\Users\Thamara Lakshan\Documents\scala lab 5\q6.scala
2023.07.11 08:44:57 WARN  no build target for: C:\Users\Thamara Lakshan\Documents\scala lab 5\q6.scala
2023.07.11 08:44:57 WARN  no build target for: C:\Users\Thamara Lakshan\Documents\scala lab 5\q6.scala
2023.07.11 08:44:58 WARN  no build target for: C:\Users\Thamara Lakshan\Documents\scala lab 5\q6.scala
2023.07.11 08:53:59 WARN  no build target for: C:\Users\Thamara Lakshan\Documents\scala lab 5\q6.scala
2023.07.11 08:54:00 WARN  no build target for: C:\Users\Thamara Lakshan\Documents\scala lab 5\q6.scala
2023.07.11 08:54:13 WARN  no build target for: C:\Users\Thamara Lakshan\Documents\scala lab 5\q6.scala
2023.07.11 08:54:13 WARN  no build target for: C:\Users\Thamara Lakshan\Documents\scala lab 5\q6.scala
2023.07.11 08:55:32 WARN  no build target for: C:\Users\Thamara Lakshan\Documents\scala lab 5\q6.scala
2023.07.11 08:55:32 WARN  no build target for: C:\Users\Thamara Lakshan\Documents\scala lab 5\q6.scala
2023.07.11 08:55:58 WARN  no build target for: C:\Users\Thamara Lakshan\Documents\scala lab 5\q6.scala
2023.07.11 08:55:59 WARN  no build target for: C:\Users\Thamara Lakshan\Documents\scala lab 5\q6.scala
2023.07.11 08:55:59 WARN  no build target for: C:\Users\Thamara Lakshan\Documents\scala lab 5\q6.scala
2023.07.11 08:56:00 WARN  no build target for: C:\Users\Thamara Lakshan\Documents\scala lab 5\q6.scala
2023.07.11 08:56:45 WARN  no build target for: C:\Users\Thamara Lakshan\Documents\scala lab 5\q6.scala
2023.07.11 08:58:27 WARN  no build target for: C:\Users\Thamara Lakshan\Documents\scala lab 5\q6.scala
2023.07.11 08:59:33 WARN  no build target for: C:\Users\Thamara Lakshan\Documents\scala lab 5\Scala5\Question05.scala
2023.07.11 08:59:54 WARN  no build target for: C:\Users\Thamara Lakshan\Documents\scala lab 5\q6.scala
2023.07.11 09:00:18 WARN  no build target for: C:\Users\Thamara Lakshan\Documents\scala lab 5\q1.scala
2023.07.11 09:00:20 WARN  no build target for: C:\Users\Thamara Lakshan\Documents\scala lab 5\q1.scala
2023.07.11 09:00:21 WARN  no build target for: C:\Users\Thamara Lakshan\Documents\scala lab 5\q2.scala
